{
  "RSpec": {
    "coverage": {
      "/home/mmarusyk/Code/exchange-rate-provider/app/controllers/api/v1/exchange_rates_controller.rb": {
        "lines": [
          1,
          1,
          1,
          1,
          8,
          null,
          8,
          4,
          null,
          4,
          null,
          null,
          null,
          null,
          null
        ]
      },
      "/home/mmarusyk/Code/exchange-rate-provider/app/controllers/application_controller.rb": {
        "lines": [
          1,
          null
        ]
      },
      "/home/mmarusyk/Code/exchange-rate-provider/app/concepts/exchange_rates/operation/index.rb": {
        "lines": [
          1,
          1,
          1,
          1,
          1,
          1,
          1,
          null,
          null,
          null
        ]
      },
      "/home/mmarusyk/Code/exchange-rate-provider/app/concepts/trb/step/sanitize_params.rb": {
        "lines": [
          1,
          1,
          1,
          1,
          8,
          null,
          8,
          null,
          null,
          null,
          null
        ]
      },
      "/home/mmarusyk/Code/exchange-rate-provider/app/concepts/exchange_rates/step/normalize_params.rb": {
        "lines": [
          1,
          1,
          1,
          1,
          8,
          8,
          8,
          null,
          8,
          null,
          null,
          null,
          null
        ]
      },
      "/home/mmarusyk/Code/exchange-rate-provider/app/concepts/exchange_rates/step/validate_params.rb": {
        "lines": [
          1,
          1,
          1,
          1,
          8,
          8,
          null,
          8,
          5,
          null,
          5,
          null,
          3,
          null,
          3,
          null,
          null,
          null,
          null,
          null
        ]
      },
      "/home/mmarusyk/Code/exchange-rate-provider/app/concepts/exchange_rates/step/fetch_exchange_rates.rb": {
        "lines": [
          1,
          1,
          1,
          1,
          5,
          5,
          null,
          null,
          1,
          5,
          5,
          null,
          null,
          1,
          5,
          4,
          4,
          null,
          4,
          null,
          1,
          null,
          1,
          null,
          0,
          null,
          0,
          null,
          null,
          1,
          null,
          1,
          5,
          4,
          null,
          null,
          1,
          32,
          null,
          null,
          1,
          4,
          null,
          null,
          1,
          1,
          null,
          null,
          null,
          null
        ]
      },
      "/home/mmarusyk/Code/exchange-rate-provider/app/concepts/exchange_rates/contract/params.rb": {
        "lines": [
          1,
          null,
          1,
          1,
          1,
          1,
          1,
          1,
          1,
          1,
          null,
          null,
          1,
          8,
          null,
          null,
          1,
          8,
          3,
          null,
          null,
          null,
          1,
          8,
          null,
          null,
          null,
          null
        ]
      },
      "/home/mmarusyk/Code/exchange-rate-provider/app/services/exchange_rate_provider/provider_interface.rb": {
        "lines": [
          1,
          1,
          1,
          5,
          null,
          4,
          null,
          1,
          null,
          null,
          null,
          1,
          0,
          null,
          null,
          1,
          0,
          null,
          null,
          null,
          1,
          null
        ]
      },
      "/home/mmarusyk/Code/exchange-rate-provider/app/services/exchange_rate_provider/providers/cnb_provider.rb": {
        "lines": [
          1,
          1,
          1,
          1,
          1,
          null,
          1,
          4,
          null,
          4,
          null,
          null,
          1,
          null,
          1,
          4,
          4,
          4,
          null,
          4,
          null,
          null,
          1,
          4,
          null,
          4,
          null,
          4,
          null,
          null,
          1,
          4,
          124,
          null,
          null,
          null,
          null,
          null,
          null,
          null,
          null,
          null,
          null,
          null,
          null,
          null,
          1,
          null
        ]
      },
      "/home/mmarusyk/Code/exchange-rate-provider/app/types/exchange_rate_provider/exchange_rate.rb": {
        "lines": [
          1,
          1,
          1,
          1,
          1,
          1,
          1,
          1,
          1,
          null,
          1,
          0,
          null,
          null,
          null
        ]
      },
      "/home/mmarusyk/Code/exchange-rate-provider/app/types/exchange_rate_provider/types.rb": {
        "lines": [
          1,
          1,
          1,
          null,
          1,
          1,
          1,
          1,
          null,
          null
        ]
      },
      "/home/mmarusyk/Code/exchange-rate-provider/app/serializers/exchange_rate_serializer.rb": {
        "lines": [
          1,
          1,
          null,
          1,
          null,
          1,
          null
        ]
      }
    },
    "timestamp": 1745955268
  }
}
